2022-11-09 16:35:10 -  - exec CUpdateClientPartner::__CollectRequestData
2022-11-09 16:35:10 -  - exec CUpdateClientPartner::GetHTTPPage
2022-11-09 16:35:10 -  - exec CUpdateClientPartner::ParseServerData
2022-11-09 16:35:10 -  - exec CUpdateClientPartner::GetUpdatesList
2022-11-09 16:35:10 -  - exec CUpdateClientPartner::__CollectRequestData
2022-11-09 16:35:10 -  - utf=Y&lang=ru&stable=Y&CANGZIP=Y&SUPD_DBS=MYSQL&XE=N&CLIENT_SITE=localhost&LICENSE_KEY=X&SUPD_STS=1&SUPD_URS=0&SUPD_URSA=1&TYPENC=D&CLIENT_PHPVER=7.4.21&NGINX=Y&dbv=5.7.34&instm=main%2C22.0.300%2CY%3Bvote%2C21.0.100%2CN%3Bsale%2C22.100.50%2CN%3Bui%2C22.400.50%2CN%3Bbitrix.sitecommunity%2C15.5.0%2CN%3Blanding%2C21.1300.200%2CN%3Bmobileapp%2C21.0.300%2CN%3Bform%2C21.0.0%2CN%3Bperfmon%2C21.0.0%2CN%3Bcalendar%2C22.100.0%2CN%3Bscale%2C21.0.0%2CN%3Blists%2C22.0.0%2CN%3Bbitrix.siteinfoportal%2C15.5.0%2CN%3Bhighloadblock%2C22.200.0%2CN%3Bsecurity%2C21.200.0%2CN%3Btranslate%2C21.100.0%2CN%3Bbitrix.eshop%2C21.0.200%2CN%3Bmail%2C22.200.100%2CN%3Blearning%2C21.0.0%2CN%3Bpull%2C22.0.0%2CN%3Bcatalog%2C22.100.200%2CN%3Babtest%2C21.0.0%2CN%3Bsocialservices%2C22.0.250%2CN%3Bsender%2C22.100.0%2CN%3Bwiki%2C21.100.0%2CN%3Bbizprocdesigner%2C21.500.0%2CN%3Bphotogallery%2C21.200.0%2CN%3Bblog%2C21.300.0%2CN%3Bclouds%2C22.0.0%2CN%3Bsearch%2C22.0.0%2CN%3Bwebservice%2C21.0.0%2CN%3Biblock%2C21.800.300%2CN%3Bforum%2C21.300.100%2CN%3Bsubscribe%2C21.0.0%2CN%3Bidea%2C21.0.0%2CN%3Bsupport%2C21.0.0%2CN%3Bmessageservice%2C22.200.100%2CN%3Bworkflow%2C21.0.0%2CN%3Bconversion%2C22.0.0%2CN%3Badvertising%2C21.100.0%2CN%3Breport%2C22.0.0%2CN%3Bim%2C22.200.100%2CN%3Bstoreassist%2C21.0.0%2CN%3Bbitrixcloud%2C22.0.0%2CN%3Bstatistic%2C21.0.0%2CN%3Bbitrix.sitecorporate%2C15.5.0%2CN%3Bbitrix.sitepersonal%2C15.5.0%2CN%3Bseo%2C22.0.200%2CN%3Bb24connector%2C21.100.0%2CN%3Bcurrency%2C22.0.0%2CN%3Bsocialnetwork%2C22.200.201%2CN%3Brest%2C22.0.100%2CN%3Bfileman%2C22.0.0%2CN%3Bbizproc%2C22.0.0%2CN&reqm=bitrix.sitecommunity%2Cbitrix.siteinfoportal%2Cbitrix.eshop%2Cbitrix.sitecorporate%2Cbitrix.sitepersonal&fullmoduleinfo=Y&SUPD_SRS=RU&SUPD_CMP=N
2022-11-09 16:35:10 -  - exec CUpdateClientPartner::GetHTTPPage
2022-11-09 16:35:10 -  - TIME GetUpdatesList(request) 0.234 sec
2022-11-09 16:35:10 -  - exec CUpdateClientPartner::ParseServerData
2022-11-09 16:35:10 -  - exec CUpdateClientPartner::__CollectRequestData
2022-11-09 16:35:10 -  - exec CUpdateClientPartner::GetHTTPPage
2022-11-09 16:35:10 -  - exec CUpdateClientPartner::ParseServerData
2022-11-09 16:36:06 -  - exec CUpdateClientPartner::GetUpdatesList
2022-11-09 16:36:06 -  - exec CUpdateClientPartner::__CollectRequestData
2022-11-09 16:36:06 -  - utf=Y&lang=ru&stable=Y&CANGZIP=Y&SUPD_DBS=MYSQL&XE=N&CLIENT_SITE=localhost&LICENSE_KEY=X&SUPD_STS=1&SUPD_URS=0&SUPD_URSA=1&TYPENC=D&CLIENT_PHPVER=7.4.21&NGINX=Y&dbv=5.7.34&instm=main%2C22.0.300%2CY%3Bvote%2C21.0.100%2CN%3Bsale%2C22.100.50%2CN%3Bui%2C22.400.50%2CN%3Bbitrix.sitecommunity%2C15.5.0%2CN%3Blanding%2C21.1300.200%2CN%3Bmobileapp%2C21.0.300%2CN%3Bform%2C21.0.0%2CN%3Bperfmon%2C21.0.0%2CN%3Bcalendar%2C22.100.0%2CN%3Bscale%2C21.0.0%2CN%3Blists%2C22.0.0%2CN%3Bbitrix.siteinfoportal%2C15.5.0%2CN%3Bhighloadblock%2C22.200.0%2CN%3Bsecurity%2C21.200.0%2CN%3Btranslate%2C21.100.0%2CN%3Bbitrix.eshop%2C21.0.200%2CN%3Bmail%2C22.200.100%2CN%3Blearning%2C21.0.0%2CN%3Bpull%2C22.0.0%2CN%3Bcatalog%2C22.100.200%2CN%3Babtest%2C21.0.0%2CN%3Bsocialservices%2C22.0.250%2CN%3Bsender%2C22.100.0%2CN%3Bwiki%2C21.100.0%2CN%3Bbizprocdesigner%2C21.500.0%2CN%3Bphotogallery%2C21.200.0%2CN%3Bblog%2C21.300.0%2CN%3Bclouds%2C22.0.0%2CN%3Bsearch%2C22.0.0%2CN%3Bwebservice%2C21.0.0%2CN%3Biblock%2C21.800.300%2CN%3Bforum%2C21.300.100%2CN%3Bsubscribe%2C21.0.0%2CN%3Bidea%2C21.0.0%2CN%3Bsupport%2C21.0.0%2CN%3Bmessageservice%2C22.200.100%2CN%3Bintervolga.migrato%2C1.0.1%2CN%3Bworkflow%2C21.0.0%2CN%3Bconversion%2C22.0.0%2CN%3Badvertising%2C21.100.0%2CN%3Breport%2C22.0.0%2CN%3Bim%2C22.200.100%2CN%3Bstoreassist%2C21.0.0%2CN%3Bbitrixcloud%2C22.0.0%2CN%3Bstatistic%2C21.0.0%2CN%3Bbitrix.sitecorporate%2C15.5.0%2CN%3Bbitrix.sitepersonal%2C15.5.0%2CN%3Bseo%2C22.0.200%2CN%3Bb24connector%2C21.100.0%2CN%3Bcurrency%2C22.0.0%2CN%3Bsocialnetwork%2C22.200.201%2CN%3Brest%2C22.0.100%2CN%3Bfileman%2C22.0.0%2CN%3Bbizproc%2C22.0.0%2CN&reqm=bitrix.sitecommunity%2Cbitrix.siteinfoportal%2Cbitrix.eshop%2Cintervolga.migrato%2Cbitrix.sitecorporate%2Cbitrix.sitepersonal&fullmoduleinfo=Y&SUPD_SRS=RU&SUPD_CMP=N
2022-11-09 16:36:06 -  - exec CUpdateClientPartner::GetHTTPPage
2022-11-09 16:36:06 -  - TIME GetUpdatesList(request) 0.221 sec
2022-11-09 16:36:06 -  - exec CUpdateClientPartner::ParseServerData
2022-11-09 16:36:10 -  - exec CUpdateClientPartner::GetUpdatesList
2022-11-09 16:36:10 -  - exec CUpdateClientPartner::__CollectRequestData
2022-11-09 16:36:10 -  - utf=Y&lang=ru&stable=Y&CANGZIP=Y&SUPD_DBS=MYSQL&XE=N&CLIENT_SITE=localhost&LICENSE_KEY=X&SUPD_STS=1&SUPD_URS=0&SUPD_URSA=1&TYPENC=D&CLIENT_PHPVER=7.4.21&NGINX=Y&dbv=5.7.34&instm=main%2C22.0.300%2CY%3Bvote%2C21.0.100%2CN%3Bsale%2C22.100.50%2CN%3Bui%2C22.400.50%2CN%3Bbitrix.sitecommunity%2C15.5.0%2CN%3Blanding%2C21.1300.200%2CN%3Bmobileapp%2C21.0.300%2CN%3Bform%2C21.0.0%2CN%3Bperfmon%2C21.0.0%2CN%3Bcalendar%2C22.100.0%2CN%3Bscale%2C21.0.0%2CN%3Blists%2C22.0.0%2CN%3Bbitrix.siteinfoportal%2C15.5.0%2CN%3Bhighloadblock%2C22.200.0%2CN%3Bsecurity%2C21.200.0%2CN%3Btranslate%2C21.100.0%2CN%3Bbitrix.eshop%2C21.0.200%2CN%3Bmail%2C22.200.100%2CN%3Blearning%2C21.0.0%2CN%3Bpull%2C22.0.0%2CN%3Bcatalog%2C22.100.200%2CN%3Babtest%2C21.0.0%2CN%3Bsocialservices%2C22.0.250%2CN%3Bsender%2C22.100.0%2CN%3Bwiki%2C21.100.0%2CN%3Bbizprocdesigner%2C21.500.0%2CN%3Bphotogallery%2C21.200.0%2CN%3Bblog%2C21.300.0%2CN%3Bclouds%2C22.0.0%2CN%3Bsearch%2C22.0.0%2CN%3Bwebservice%2C21.0.0%2CN%3Biblock%2C21.800.300%2CN%3Bforum%2C21.300.100%2CN%3Bsubscribe%2C21.0.0%2CN%3Bidea%2C21.0.0%2CN%3Bsupport%2C21.0.0%2CN%3Bmessageservice%2C22.200.100%2CN%3Bintervolga.migrato%2C1.0.1%2CN%3Bworkflow%2C21.0.0%2CN%3Bconversion%2C22.0.0%2CN%3Badvertising%2C21.100.0%2CN%3Breport%2C22.0.0%2CN%3Bim%2C22.200.100%2CN%3Bstoreassist%2C21.0.0%2CN%3Bbitrixcloud%2C22.0.0%2CN%3Bstatistic%2C21.0.0%2CN%3Bbitrix.sitecorporate%2C15.5.0%2CN%3Bbitrix.sitepersonal%2C15.5.0%2CN%3Bseo%2C22.0.200%2CN%3Bb24connector%2C21.100.0%2CN%3Bcurrency%2C22.0.0%2CN%3Bsocialnetwork%2C22.200.201%2CN%3Brest%2C22.0.100%2CN%3Bfileman%2C22.0.0%2CN%3Bbizproc%2C22.0.0%2CN&reqm=bitrix.sitecommunity%2Cbitrix.siteinfoportal%2Cbitrix.eshop%2Cintervolga.migrato%2Cbitrix.sitecorporate%2Cbitrix.sitepersonal&fullmoduleinfo=Y&SUPD_SRS=RU&SUPD_CMP=N
2022-11-09 16:36:10 -  - exec CUpdateClientPartner::GetHTTPPage
2022-11-09 16:36:10 -  - TIME GetUpdatesList(request) 0.242 sec
2022-11-09 16:36:10 -  - exec CUpdateClientPartner::ParseServerData
2022-11-09 16:36:11 -  - exec CUpdateClientPartner::GetUpdatesList
2022-11-09 16:36:11 -  - exec CUpdateClientPartner::__CollectRequestData
2022-11-09 16:36:11 -  - utf=Y&lang=ru&stable=Y&CANGZIP=Y&SUPD_DBS=MYSQL&XE=N&CLIENT_SITE=localhost&LICENSE_KEY=X&SUPD_STS=1&SUPD_URS=0&SUPD_URSA=1&TYPENC=D&CLIENT_PHPVER=7.4.21&NGINX=Y&dbv=5.7.34&instm=main%2C22.0.300%2CY%3Bvote%2C21.0.100%2CN%3Bsale%2C22.100.50%2CN%3Bui%2C22.400.50%2CN%3Bbitrix.sitecommunity%2C15.5.0%2CN%3Blanding%2C21.1300.200%2CN%3Bmobileapp%2C21.0.300%2CN%3Bform%2C21.0.0%2CN%3Bperfmon%2C21.0.0%2CN%3Bcalendar%2C22.100.0%2CN%3Bscale%2C21.0.0%2CN%3Blists%2C22.0.0%2CN%3Bbitrix.siteinfoportal%2C15.5.0%2CN%3Bhighloadblock%2C22.200.0%2CN%3Bsecurity%2C21.200.0%2CN%3Btranslate%2C21.100.0%2CN%3Bbitrix.eshop%2C21.0.200%2CN%3Bmail%2C22.200.100%2CN%3Blearning%2C21.0.0%2CN%3Bpull%2C22.0.0%2CN%3Bcatalog%2C22.100.200%2CN%3Babtest%2C21.0.0%2CN%3Bsocialservices%2C22.0.250%2CN%3Bsender%2C22.100.0%2CN%3Bwiki%2C21.100.0%2CN%3Bbizprocdesigner%2C21.500.0%2CN%3Bphotogallery%2C21.200.0%2CN%3Bblog%2C21.300.0%2CN%3Bclouds%2C22.0.0%2CN%3Bsearch%2C22.0.0%2CN%3Bwebservice%2C21.0.0%2CN%3Biblock%2C21.800.300%2CN%3Bforum%2C21.300.100%2CN%3Bsubscribe%2C21.0.0%2CN%3Bidea%2C21.0.0%2CN%3Bsupport%2C21.0.0%2CN%3Bmessageservice%2C22.200.100%2CN%3Bintervolga.migrato%2C1.0.1%2CN%3Bworkflow%2C21.0.0%2CN%3Bconversion%2C22.0.0%2CN%3Badvertising%2C21.100.0%2CN%3Breport%2C22.0.0%2CN%3Bim%2C22.200.100%2CN%3Bstoreassist%2C21.0.0%2CN%3Bbitrixcloud%2C22.0.0%2CN%3Bstatistic%2C21.0.0%2CN%3Bbitrix.sitecorporate%2C15.5.0%2CN%3Bbitrix.sitepersonal%2C15.5.0%2CN%3Bseo%2C22.0.200%2CN%3Bb24connector%2C21.100.0%2CN%3Bcurrency%2C22.0.0%2CN%3Bsocialnetwork%2C22.200.201%2CN%3Brest%2C22.0.100%2CN%3Bfileman%2C22.0.0%2CN%3Bbizproc%2C22.0.0%2CN&reqm=bitrix.sitecommunity%2Cbitrix.siteinfoportal%2Cbitrix.eshop%2Cintervolga.migrato%2Cbitrix.sitecorporate%2Cbitrix.sitepersonal&fullmoduleinfo=Y&SUPD_SRS=RU&SUPD_CMP=N
2022-11-09 16:36:11 -  - exec CUpdateClientPartner::GetHTTPPage
2022-11-09 16:36:11 -  - TIME GetUpdatesList(request) 0.185 sec
2022-11-09 16:36:11 -  - exec CUpdateClientPartner::ParseServerData
